<?xml version="1.0" encoding="UTF-8"?>
<!-- Generated by org.testng.reporters.JUnitReportReporter -->
<testsuite hostname="LAPTOP-CJ23D15G" name="Banqsoft.bankwinapp.winappclass" tests="2" failures="0" timestamp="20 Mar 2023 11:02:40 GMT" time="7.791" errors="0">
  <testcase name="writenotes" time="6.434" classname="Banqsoft.bankwinapp.winappclass"/>
  <testcase name="testapplication" time="1.357" classname="Banqsoft.bankwinapp.winappclass"/>
</testsuite> <!-- Banqsoft.bankwinapp.winappclass -->
