<?xml version="1.0" encoding="UTF-8"?>
<!-- Generated by org.testng.reporters.JUnitReportReporter -->
<testsuite hostname="LAPTOP-CJ23D15G" name="Banqsoft.bankwinapp.winappassertion" tests="2" failures="0" timestamp="20 Mar 2023 11:00:38 GMT" time="13.166" errors="0">
  <testcase name="writeinNotepad" time="0.930" classname="Banqsoft.bankwinapp.winappassertion"/>
  <testcase name="editMenuAndSearch" time="12.236" classname="Banqsoft.bankwinapp.winappassertion"/>
</testsuite> <!-- Banqsoft.bankwinapp.winappassertion -->
