<?xml version="1.0" encoding="UTF-8"?>
<!-- Generated by org.testng.reporters.JUnitReportReporter -->
<testsuite hostname="LAPTOP-CJ23D15G" name="Banqsoft.bankwinapp.winappassertion" tests="2" failures="0" timestamp="20 Mar 2023 10:44:11 GMT" time="2.580" errors="0">
  <testcase name="editMenuAndSearch" time="1.835" classname="Banqsoft.bankwinapp.winappassertion"/>
  <testcase name="writeinNotepad" time="0.745" classname="Banqsoft.bankwinapp.winappassertion"/>
</testsuite> <!-- Banqsoft.bankwinapp.winappassertion -->
